2023-12-07 23:04:50,597 INFO com.eshya.test.controller.AuthenticationController [http-nio-8081-exec-4] get token for user :eshya and password: U2FsdGVkX1/8z4kkPpq4Q1H5SMVOrz4OgDcVJWFzxd4=
2023-12-07 23:04:50,604 INFO com.eshya.test.controller.AuthenticationController [http-nio-8081-exec-4] user portal is found: eshya and status account: ACTIVE
2023-12-07 23:04:50,755 INFO com.eshya.test.utils.JwtUtils [http-nio-8081-exec-4] my token is eyJhbGciOiJIUzUxMiJ9.eyJzdWIiOiJ1c2VyX3BvcnRhbF90b2tlbiIsImlhdCI6MTcwMTk2NTA5MCwiZXhwIjoxNzAyMDUxNDkwLCJ1c2VybmFtZSI6ImVzaHlhIn0.4FZ9IsKp3TCWd1sZ6rS2o6XZEqnPX1rClT4ZCh1U_wIWsnjbNKswPYs9zTsonToPub6eDfcDwTfZhlFW8cwNWg
2023-12-07 23:04:50,771 INFO com.eshya.test.controller.AuthenticationController [http-nio-8081-exec-4] token generated for user : eshya
2023-12-07 23:04:50,771 INFO com.eshya.test.utils.RequestResponseTimeTracker [http-nio-8081-exec-4] Request URI: /test_be/auth/token, Execution Time taken by : getToken() method is - 176 ms
2023-12-07 23:05:04,775 INFO com.eshya.test.utils.JwtUtils [http-nio-8081-exec-5] my token is eyJhbGciOiJIUzUxMiJ9.eyJzdWIiOiJ1c2VyX3BvcnRhbF90b2tlbiIsImlhdCI6MTcwMTk1OTkyMiwiZXhwIjoxNzAyMDQ2MzIyLCJ1c2VybmFtZSI6ImFkbWluIn0.5-GRvdqrgp8BK0i065XAAZ46_50sqsyt7jQVbKdQP3T4rvhH7NAWVuO0F8dS7jPKykLQCGUFEVTlaXsAbjKV5Q
2023-12-07 23:05:04,779 INFO com.eshya.test.utils.AuthenticationTokenFilter [http-nio-8081-exec-5] Username: admin,Role: ROLE_ADMIN
2023-12-07 23:05:04,779 INFO com.eshya.test.utils.AuthenticationTokenFilter [http-nio-8081-exec-5] Username: admin,Role: [ROLE_ADMIN]
2023-12-07 23:05:04,787 INFO com.eshya.test.utils.RequestResponseTimeTracker [http-nio-8081-exec-5] Request URI: /test_be/utility/create-encryption, Execution Time taken by : createEncryption() method is - 2 ms
2023-12-07 23:05:11,670 INFO com.eshya.test.utils.JwtUtils [http-nio-8081-exec-6] my token is eyJhbGciOiJIUzUxMiJ9.eyJzdWIiOiJ1c2VyX3BvcnRhbF90b2tlbiIsImlhdCI6MTcwMTk2MzQ1MSwiZXhwIjoxNzAyMDQ5ODUxLCJ1c2VybmFtZSI6ImVzaHlhIn0.uPmUuDG1Qv1iEhtUVBJ7L_k1LIUx9ikyVFPL_ICKGy0qg4fqOxr7BPbpr8PyLH3fH80h_8gLj2rwTasoLdzMug
2023-12-07 23:05:11,676 INFO com.eshya.test.utils.AuthenticationTokenFilter [http-nio-8081-exec-6] Username: eshya,Role: ROLE_USER
2023-12-07 23:05:11,676 INFO com.eshya.test.utils.AuthenticationTokenFilter [http-nio-8081-exec-6] Username: eshya,Role: [ROLE_USER]
2023-12-07 23:05:11,678 INFO com.eshya.test.utils.JwtUtils [http-nio-8081-exec-6] my token is eyJhbGciOiJIUzUxMiJ9.eyJzdWIiOiJ1c2VyX3BvcnRhbF90b2tlbiIsImlhdCI6MTcwMTk2MzQ1MSwiZXhwIjoxNzAyMDQ5ODUxLCJ1c2VybmFtZSI6ImVzaHlhIn0.uPmUuDG1Qv1iEhtUVBJ7L_k1LIUx9ikyVFPL_ICKGy0qg4fqOxr7BPbpr8PyLH3fH80h_8gLj2rwTasoLdzMug
2023-12-07 23:05:11,679 INFO com.eshya.test.controller.TaskController [http-nio-8081-exec-6] creating task for user : eshya
2023-12-07 23:05:11,688 INFO com.eshya.test.utils.RequestResponseTimeTracker [http-nio-8081-exec-6] Request URI: /test_be/task, Execution Time taken by : createTask() method is - 9 ms
2023-12-07 23:05:11,691 ERROR org.apache.catalina.core.ContainerBase.[Tomcat].[localhost].[/].[dispatcherServlet] [http-nio-8081-exec-6] Servlet.service() for servlet [dispatcherServlet] in context with path [] threw exception [Request processing failed; nested exception is org.springframework.http.converter.HttpMessageConversionException: Type definition error: [simple type, class org.hibernate.proxy.pojo.bytebuddy.ByteBuddyInterceptor]; nested exception is com.fasterxml.jackson.databind.exc.InvalidDefinitionException: No serializer found for class org.hibernate.proxy.pojo.bytebuddy.ByteBuddyInterceptor and no properties discovered to create BeanSerializer (to avoid exception, disable SerializationFeature.FAIL_ON_EMPTY_BEANS) (through reference chain: com.eshya.test.model.Task["user"]->com.eshya.test.model.UserPortal["role"]->com.eshya.test.model.Role$HibernateProxy$RxxdsLc9["hibernateLazyInitializer"])] with root cause
com.fasterxml.jackson.databind.exc.InvalidDefinitionException: No serializer found for class org.hibernate.proxy.pojo.bytebuddy.ByteBuddyInterceptor and no properties discovered to create BeanSerializer (to avoid exception, disable SerializationFeature.FAIL_ON_EMPTY_BEANS) (through reference chain: com.eshya.test.model.Task["user"]->com.eshya.test.model.UserPortal["role"]->com.eshya.test.model.Role$HibernateProxy$RxxdsLc9["hibernateLazyInitializer"])
	at com.fasterxml.jackson.databind.exc.InvalidDefinitionException.from(InvalidDefinitionException.java:77)
	at com.fasterxml.jackson.databind.SerializerProvider.reportBadDefinition(SerializerProvider.java:1300)
	at com.fasterxml.jackson.databind.DatabindContext.reportBadDefinition(DatabindContext.java:400)
	at com.fasterxml.jackson.databind.ser.impl.UnknownSerializer.failForEmpty(UnknownSerializer.java:46)
	at com.fasterxml.jackson.databind.ser.impl.UnknownSerializer.serialize(UnknownSerializer.java:29)
	at com.fasterxml.jackson.databind.ser.BeanPropertyWriter.serializeAsField(BeanPropertyWriter.java:728)
	at com.fasterxml.jackson.databind.ser.std.BeanSerializerBase.serializeFields(BeanSerializerBase.java:774)
	at com.fasterxml.jackson.databind.ser.BeanSerializer.serialize(BeanSerializer.java:178)
	at com.fasterxml.jackson.databind.ser.BeanPropertyWriter.serializeAsField(BeanPropertyWriter.java:728)
	at com.fasterxml.jackson.databind.ser.std.BeanSerializerBase.serializeFields(BeanSerializerBase.java:774)
	at com.fasterxml.jackson.databind.ser.BeanSerializer.serialize(BeanSerializer.java:178)
	at com.fasterxml.jackson.databind.ser.BeanPropertyWriter.serializeAsField(BeanPropertyWriter.java:728)
	at com.fasterxml.jackson.databind.ser.std.BeanSerializerBase.serializeFields(BeanSerializerBase.java:774)
	at com.fasterxml.jackson.databind.ser.BeanSerializer.serialize(BeanSerializer.java:178)
	at com.fasterxml.jackson.databind.ser.DefaultSerializerProvider._serialize(DefaultSerializerProvider.java:480)
	at com.fasterxml.jackson.databind.ser.DefaultSerializerProvider.serializeValue(DefaultSerializerProvider.java:319)
	at com.fasterxml.jackson.databind.ObjectWriter$Prefetch.serialize(ObjectWriter.java:1518)
	at com.fasterxml.jackson.databind.ObjectWriter.writeValue(ObjectWriter.java:1007)
	at org.springframework.http.converter.json.AbstractJackson2HttpMessageConverter.writeInternal(AbstractJackson2HttpMessageConverter.java:456)
	at org.springframework.http.converter.AbstractGenericHttpMessageConverter.write(AbstractGenericHttpMessageConverter.java:104)
	at org.springframework.web.servlet.mvc.method.annotation.AbstractMessageConverterMethodProcessor.writeWithMessageConverters(AbstractMessageConverterMethodProcessor.java:290)
	at org.springframework.web.servlet.mvc.method.annotation.HttpEntityMethodProcessor.handleReturnValue(HttpEntityMethodProcessor.java:219)
	at org.springframework.web.method.support.HandlerMethodReturnValueHandlerComposite.handleReturnValue(HandlerMethodReturnValueHandlerComposite.java:78)
	at org.springframework.web.servlet.mvc.method.annotation.ServletInvocableHandlerMethod.invokeAndHandle(ServletInvocableHandlerMethod.java:135)
	at org.springframework.web.servlet.mvc.method.annotation.RequestMappingHandlerAdapter.invokeHandlerMethod(RequestMappingHandlerAdapter.java:895)
	at org.springframework.web.servlet.mvc.method.annotation.RequestMappingHandlerAdapter.handleInternal(RequestMappingHandlerAdapter.java:808)
	at org.springframework.web.servlet.mvc.method.AbstractHandlerMethodAdapter.handle(AbstractHandlerMethodAdapter.java:87)
	at org.springframework.web.servlet.DispatcherServlet.doDispatch(DispatcherServlet.java:1072)
	at org.springframework.web.servlet.DispatcherServlet.doService(DispatcherServlet.java:965)
	at org.springframework.web.servlet.FrameworkServlet.processRequest(FrameworkServlet.java:1006)
	at org.springframework.web.servlet.FrameworkServlet.doPost(FrameworkServlet.java:909)
	at javax.servlet.http.HttpServlet.service(HttpServlet.java:555)
	at org.springframework.web.servlet.FrameworkServlet.service(FrameworkServlet.java:883)
	at javax.servlet.http.HttpServlet.service(HttpServlet.java:623)
	at org.apache.catalina.core.ApplicationFilterChain.internalDoFilter(ApplicationFilterChain.java:209)
	at org.apache.catalina.core.ApplicationFilterChain.doFilter(ApplicationFilterChain.java:153)
	at org.apache.tomcat.websocket.server.WsFilter.doFilter(WsFilter.java:51)
	at org.apache.catalina.core.ApplicationFilterChain.internalDoFilter(ApplicationFilterChain.java:178)
	at org.apache.catalina.core.ApplicationFilterChain.doFilter(ApplicationFilterChain.java:153)
	at org.springframework.web.filter.OncePerRequestFilter.doFilter(OncePerRequestFilter.java:111)
	at org.apache.catalina.core.ApplicationFilterChain.internalDoFilter(ApplicationFilterChain.java:178)
	at org.apache.catalina.core.ApplicationFilterChain.doFilter(ApplicationFilterChain.java:153)
	at org.springframework.security.web.FilterChainProxy$VirtualFilterChain.doFilter(FilterChainProxy.java:337)
	at org.springframework.security.web.access.intercept.FilterSecurityInterceptor.invoke(FilterSecurityInterceptor.java:115)
	at org.springframework.security.web.access.intercept.FilterSecurityInterceptor.doFilter(FilterSecurityInterceptor.java:81)
	at org.springframework.security.web.FilterChainProxy$VirtualFilterChain.doFilter(FilterChainProxy.java:346)
	at org.springframework.security.web.access.ExceptionTranslationFilter.doFilter(ExceptionTranslationFilter.java:122)
	at org.springframework.security.web.access.ExceptionTranslationFilter.doFilter(ExceptionTranslationFilter.java:116)
	at org.springframework.security.web.FilterChainProxy$VirtualFilterChain.doFilter(FilterChainProxy.java:346)
	at org.springframework.security.web.session.SessionManagementFilter.doFilter(SessionManagementFilter.java:126)
	at org.springframework.security.web.session.SessionManagementFilter.doFilter(SessionManagementFilter.java:81)
	at org.springframework.security.web.FilterChainProxy$VirtualFilterChain.doFilter(FilterChainProxy.java:346)
	at org.springframework.security.web.authentication.AnonymousAuthenticationFilter.doFilter(AnonymousAuthenticationFilter.java:109)
	at org.springframework.security.web.FilterChainProxy$VirtualFilterChain.doFilter(FilterChainProxy.java:346)
	at org.springframework.security.web.servletapi.SecurityContextHolderAwareRequestFilter.doFilter(SecurityContextHolderAwareRequestFilter.java:149)
	at org.springframework.security.web.FilterChainProxy$VirtualFilterChain.doFilter(FilterChainProxy.java:346)
	at org.springframework.security.web.savedrequest.RequestCacheAwareFilter.doFilter(RequestCacheAwareFilter.java:63)
	at org.springframework.security.web.FilterChainProxy$VirtualFilterChain.doFilter(FilterChainProxy.java:346)
	at com.eshya.test.utils.AuthenticationTokenFilter.doFilterInternal(AuthenticationTokenFilter.java:60)
	at org.springframework.web.filter.OncePerRequestFilter.doFilter(OncePerRequestFilter.java:117)
	at org.springframework.security.web.FilterChainProxy$VirtualFilterChain.doFilter(FilterChainProxy.java:346)
	at org.springframework.security.web.authentication.logout.LogoutFilter.doFilter(LogoutFilter.java:103)
	at org.springframework.security.web.authentication.logout.LogoutFilter.doFilter(LogoutFilter.java:89)
	at org.springframework.security.web.FilterChainProxy$VirtualFilterChain.doFilter(FilterChainProxy.java:346)
	at org.springframework.web.filter.CorsFilter.doFilterInternal(CorsFilter.java:91)
	at org.springframework.web.filter.OncePerRequestFilter.doFilter(OncePerRequestFilter.java:117)
	at org.springframework.security.web.FilterChainProxy$VirtualFilterChain.doFilter(FilterChainProxy.java:346)
	at org.springframework.security.web.header.HeaderWriterFilter.doHeadersAfter(HeaderWriterFilter.java:90)
	at org.springframework.security.web.header.HeaderWriterFilter.doFilterInternal(HeaderWriterFilter.java:75)
	at org.springframework.web.filter.OncePerRequestFilter.doFilter(OncePerRequestFilter.java:117)
	at org.springframework.security.web.FilterChainProxy$VirtualFilterChain.doFilter(FilterChainProxy.java:346)
	at org.springframework.security.web.context.SecurityContextPersistenceFilter.doFilter(SecurityContextPersistenceFilter.java:112)
	at org.springframework.security.web.context.SecurityContextPersistenceFilter.doFilter(SecurityContextPersistenceFilter.java:82)
	at org.springframework.security.web.FilterChainProxy$VirtualFilterChain.doFilter(FilterChainProxy.java:346)
	at org.springframework.security.web.context.request.async.WebAsyncManagerIntegrationFilter.doFilterInternal(WebAsyncManagerIntegrationFilter.java:55)
	at org.springframework.web.filter.OncePerRequestFilter.doFilter(OncePerRequestFilter.java:117)
	at org.springframework.security.web.FilterChainProxy$VirtualFilterChain.doFilter(FilterChainProxy.java:346)
	at org.springframework.security.web.session.DisableEncodeUrlFilter.doFilterInternal(DisableEncodeUrlFilter.java:42)
	at org.springframework.web.filter.OncePerRequestFilter.doFilter(OncePerRequestFilter.java:117)
	at org.springframework.security.web.FilterChainProxy$VirtualFilterChain.doFilter(FilterChainProxy.java:346)
	at org.springframework.security.web.FilterChainProxy.doFilterInternal(FilterChainProxy.java:221)
	at org.springframework.security.web.FilterChainProxy.doFilter(FilterChainProxy.java:186)
	at org.springframework.web.filter.DelegatingFilterProxy.invokeDelegate(DelegatingFilterProxy.java:354)
	at org.springframework.web.filter.DelegatingFilterProxy.doFilter(DelegatingFilterProxy.java:267)
	at org.apache.catalina.core.ApplicationFilterChain.internalDoFilter(ApplicationFilterChain.java:178)
	at org.apache.catalina.core.ApplicationFilterChain.doFilter(ApplicationFilterChain.java:153)
	at org.springframework.web.filter.RequestContextFilter.doFilterInternal(RequestContextFilter.java:100)
	at org.springframework.web.filter.OncePerRequestFilter.doFilter(OncePerRequestFilter.java:117)
	at org.apache.catalina.core.ApplicationFilterChain.internalDoFilter(ApplicationFilterChain.java:178)
	at org.apache.catalina.core.ApplicationFilterChain.doFilter(ApplicationFilterChain.java:153)
	at org.springframework.web.filter.FormContentFilter.doFilterInternal(FormContentFilter.java:93)
	at org.springframework.web.filter.OncePerRequestFilter.doFilter(OncePerRequestFilter.java:117)
	at org.apache.catalina.core.ApplicationFilterChain.internalDoFilter(ApplicationFilterChain.java:178)
	at org.apache.catalina.core.ApplicationFilterChain.doFilter(ApplicationFilterChain.java:153)
	at org.springframework.web.filter.CharacterEncodingFilter.doFilterInternal(CharacterEncodingFilter.java:201)
	at org.springframework.web.filter.OncePerRequestFilter.doFilter(OncePerRequestFilter.java:117)
	at org.apache.catalina.core.ApplicationFilterChain.internalDoFilter(ApplicationFilterChain.java:178)
	at org.apache.catalina.core.ApplicationFilterChain.doFilter(ApplicationFilterChain.java:153)
	at org.apache.catalina.core.StandardWrapperValve.invoke(StandardWrapperValve.java:167)
	at org.apache.catalina.core.StandardContextValve.invoke(StandardContextValve.java:90)
	at org.apache.catalina.authenticator.AuthenticatorBase.invoke(AuthenticatorBase.java:481)
	at org.apache.catalina.core.StandardHostValve.invoke(StandardHostValve.java:130)
	at org.apache.catalina.valves.ErrorReportValve.invoke(ErrorReportValve.java:93)
	at org.apache.catalina.core.StandardEngineValve.invoke(StandardEngineValve.java:74)
	at org.apache.catalina.connector.CoyoteAdapter.service(CoyoteAdapter.java:343)
	at org.apache.coyote.http11.Http11Processor.service(Http11Processor.java:390)
	at org.apache.coyote.AbstractProcessorLight.process(AbstractProcessorLight.java:63)
	at org.apache.coyote.AbstractProtocol$ConnectionHandler.process(AbstractProtocol.java:926)
	at org.apache.tomcat.util.net.NioEndpoint$SocketProcessor.doRun(NioEndpoint.java:1790)
	at org.apache.tomcat.util.net.SocketProcessorBase.run(SocketProcessorBase.java:52)
	at org.apache.tomcat.util.threads.ThreadPoolExecutor.runWorker(ThreadPoolExecutor.java:1191)
	at org.apache.tomcat.util.threads.ThreadPoolExecutor$Worker.run(ThreadPoolExecutor.java:659)
	at org.apache.tomcat.util.threads.TaskThread$WrappingRunnable.run(TaskThread.java:61)
	at java.base/java.lang.Thread.run(Thread.java:1623)
2023-12-07 23:07:14,463 INFO com.eshya.test.TestApplication [main] Starting TestApplication using Java 20.0.1 on JKERALPT050 with PID 39928 (D:\playground\spring\test\target\classes started by achmad.mutawaqqil in D:\playground\spring\test)
2023-12-07 23:07:14,467 DEBUG com.eshya.test.TestApplication [main] Running with Spring Boot v2.7.15, Spring v5.3.29
2023-12-07 23:07:14,468 INFO com.eshya.test.TestApplication [main] The following 1 profile is active: "dev"
2023-12-07 23:07:17,645 DEBUG com.eshya.test.utils.AuthenticationTokenFilter [main] Filter 'authenticationJwtTokenFilter' configured for use
2023-12-07 23:07:18,267 INFO com.eshya.test.TestApplication [main] Started TestApplication in 4.113 seconds (JVM running for 4.633)
2023-12-07 23:07:23,553 INFO com.eshya.test.utils.JwtUtils [http-nio-8081-exec-3] my token is eyJhbGciOiJIUzUxMiJ9.eyJzdWIiOiJ1c2VyX3BvcnRhbF90b2tlbiIsImlhdCI6MTcwMTk2MzQ1MSwiZXhwIjoxNzAyMDQ5ODUxLCJ1c2VybmFtZSI6ImVzaHlhIn0.uPmUuDG1Qv1iEhtUVBJ7L_k1LIUx9ikyVFPL_ICKGy0qg4fqOxr7BPbpr8PyLH3fH80h_8gLj2rwTasoLdzMug
2023-12-07 23:07:23,599 INFO com.eshya.test.utils.AuthenticationTokenFilter [http-nio-8081-exec-3] Username: eshya,Role: ROLE_USER
2023-12-07 23:07:23,600 INFO com.eshya.test.utils.AuthenticationTokenFilter [http-nio-8081-exec-3] Username: eshya,Role: [ROLE_USER]
2023-12-07 23:07:23,661 INFO com.eshya.test.utils.JwtUtils [http-nio-8081-exec-3] my token is eyJhbGciOiJIUzUxMiJ9.eyJzdWIiOiJ1c2VyX3BvcnRhbF90b2tlbiIsImlhdCI6MTcwMTk2MzQ1MSwiZXhwIjoxNzAyMDQ5ODUxLCJ1c2VybmFtZSI6ImVzaHlhIn0.uPmUuDG1Qv1iEhtUVBJ7L_k1LIUx9ikyVFPL_ICKGy0qg4fqOxr7BPbpr8PyLH3fH80h_8gLj2rwTasoLdzMug
2023-12-07 23:07:23,663 INFO com.eshya.test.controller.TaskController [http-nio-8081-exec-3] creating task for user : eshya
2023-12-07 23:07:23,723 INFO com.eshya.test.utils.RequestResponseTimeTracker [http-nio-8081-exec-3] Request URI: /test_be/task, Execution Time taken by : createTask() method is - 60 ms
2023-12-07 23:07:23,759 ERROR org.apache.catalina.core.ContainerBase.[Tomcat].[localhost].[/].[dispatcherServlet] [http-nio-8081-exec-3] Servlet.service() for servlet [dispatcherServlet] in context with path [] threw exception [Request processing failed; nested exception is org.springframework.http.converter.HttpMessageConversionException: Type definition error: [simple type, class org.hibernate.proxy.pojo.bytebuddy.ByteBuddyInterceptor]; nested exception is com.fasterxml.jackson.databind.exc.InvalidDefinitionException: No serializer found for class org.hibernate.proxy.pojo.bytebuddy.ByteBuddyInterceptor and no properties discovered to create BeanSerializer (to avoid exception, disable SerializationFeature.FAIL_ON_EMPTY_BEANS) (through reference chain: com.eshya.test.model.Task["user"]->com.eshya.test.model.UserPortal["role"]->com.eshya.test.model.Role$HibernateProxy$22gzC6LS["hibernateLazyInitializer"])] with root cause
com.fasterxml.jackson.databind.exc.InvalidDefinitionException: No serializer found for class org.hibernate.proxy.pojo.bytebuddy.ByteBuddyInterceptor and no properties discovered to create BeanSerializer (to avoid exception, disable SerializationFeature.FAIL_ON_EMPTY_BEANS) (through reference chain: com.eshya.test.model.Task["user"]->com.eshya.test.model.UserPortal["role"]->com.eshya.test.model.Role$HibernateProxy$22gzC6LS["hibernateLazyInitializer"])
	at com.fasterxml.jackson.databind.exc.InvalidDefinitionException.from(InvalidDefinitionException.java:77)
	at com.fasterxml.jackson.databind.SerializerProvider.reportBadDefinition(SerializerProvider.java:1300)
	at com.fasterxml.jackson.databind.DatabindContext.reportBadDefinition(DatabindContext.java:400)
	at com.fasterxml.jackson.databind.ser.impl.UnknownSerializer.failForEmpty(UnknownSerializer.java:46)
	at com.fasterxml.jackson.databind.ser.impl.UnknownSerializer.serialize(UnknownSerializer.java:29)
	at com.fasterxml.jackson.databind.ser.BeanPropertyWriter.serializeAsField(BeanPropertyWriter.java:728)
	at com.fasterxml.jackson.databind.ser.std.BeanSerializerBase.serializeFields(BeanSerializerBase.java:774)
	at com.fasterxml.jackson.databind.ser.BeanSerializer.serialize(BeanSerializer.java:178)
	at com.fasterxml.jackson.databind.ser.BeanPropertyWriter.serializeAsField(BeanPropertyWriter.java:728)
	at com.fasterxml.jackson.databind.ser.std.BeanSerializerBase.serializeFields(BeanSerializerBase.java:774)
	at com.fasterxml.jackson.databind.ser.BeanSerializer.serialize(BeanSerializer.java:178)
	at com.fasterxml.jackson.databind.ser.BeanPropertyWriter.serializeAsField(BeanPropertyWriter.java:728)
	at com.fasterxml.jackson.databind.ser.std.BeanSerializerBase.serializeFields(BeanSerializerBase.java:774)
	at com.fasterxml.jackson.databind.ser.BeanSerializer.serialize(BeanSerializer.java:178)
	at com.fasterxml.jackson.databind.ser.DefaultSerializerProvider._serialize(DefaultSerializerProvider.java:480)
	at com.fasterxml.jackson.databind.ser.DefaultSerializerProvider.serializeValue(DefaultSerializerProvider.java:319)
	at com.fasterxml.jackson.databind.ObjectWriter$Prefetch.serialize(ObjectWriter.java:1518)
	at com.fasterxml.jackson.databind.ObjectWriter.writeValue(ObjectWriter.java:1007)
	at org.springframework.http.converter.json.AbstractJackson2HttpMessageConverter.writeInternal(AbstractJackson2HttpMessageConverter.java:456)
	at org.springframework.http.converter.AbstractGenericHttpMessageConverter.write(AbstractGenericHttpMessageConverter.java:104)
	at org.springframework.web.servlet.mvc.method.annotation.AbstractMessageConverterMethodProcessor.writeWithMessageConverters(AbstractMessageConverterMethodProcessor.java:290)
	at org.springframework.web.servlet.mvc.method.annotation.HttpEntityMethodProcessor.handleReturnValue(HttpEntityMethodProcessor.java:219)
	at org.springframework.web.method.support.HandlerMethodReturnValueHandlerComposite.handleReturnValue(HandlerMethodReturnValueHandlerComposite.java:78)
	at org.springframework.web.servlet.mvc.method.annotation.ServletInvocableHandlerMethod.invokeAndHandle(ServletInvocableHandlerMethod.java:135)
	at org.springframework.web.servlet.mvc.method.annotation.RequestMappingHandlerAdapter.invokeHandlerMethod(RequestMappingHandlerAdapter.java:895)
	at org.springframework.web.servlet.mvc.method.annotation.RequestMappingHandlerAdapter.handleInternal(RequestMappingHandlerAdapter.java:808)
	at org.springframework.web.servlet.mvc.method.AbstractHandlerMethodAdapter.handle(AbstractHandlerMethodAdapter.java:87)
	at org.springframework.web.servlet.DispatcherServlet.doDispatch(DispatcherServlet.java:1072)
	at org.springframework.web.servlet.DispatcherServlet.doService(DispatcherServlet.java:965)
	at org.springframework.web.servlet.FrameworkServlet.processRequest(FrameworkServlet.java:1006)
	at org.springframework.web.servlet.FrameworkServlet.doPost(FrameworkServlet.java:909)
	at javax.servlet.http.HttpServlet.service(HttpServlet.java:555)
	at org.springframework.web.servlet.FrameworkServlet.service(FrameworkServlet.java:883)
	at javax.servlet.http.HttpServlet.service(HttpServlet.java:623)
	at org.apache.catalina.core.ApplicationFilterChain.internalDoFilter(ApplicationFilterChain.java:209)
	at org.apache.catalina.core.ApplicationFilterChain.doFilter(ApplicationFilterChain.java:153)
	at org.apache.tomcat.websocket.server.WsFilter.doFilter(WsFilter.java:51)
	at org.apache.catalina.core.ApplicationFilterChain.internalDoFilter(ApplicationFilterChain.java:178)
	at org.apache.catalina.core.ApplicationFilterChain.doFilter(ApplicationFilterChain.java:153)
	at org.springframework.web.filter.OncePerRequestFilter.doFilter(OncePerRequestFilter.java:111)
	at org.apache.catalina.core.ApplicationFilterChain.internalDoFilter(ApplicationFilterChain.java:178)
	at org.apache.catalina.core.ApplicationFilterChain.doFilter(ApplicationFilterChain.java:153)
	at org.springframework.security.web.FilterChainProxy$VirtualFilterChain.doFilter(FilterChainProxy.java:337)
	at org.springframework.security.web.access.intercept.FilterSecurityInterceptor.invoke(FilterSecurityInterceptor.java:115)
	at org.springframework.security.web.access.intercept.FilterSecurityInterceptor.doFilter(FilterSecurityInterceptor.java:81)
	at org.springframework.security.web.FilterChainProxy$VirtualFilterChain.doFilter(FilterChainProxy.java:346)
	at org.springframework.security.web.access.ExceptionTranslationFilter.doFilter(ExceptionTranslationFilter.java:122)
	at org.springframework.security.web.access.ExceptionTranslationFilter.doFilter(ExceptionTranslationFilter.java:116)
	at org.springframework.security.web.FilterChainProxy$VirtualFilterChain.doFilter(FilterChainProxy.java:346)
	at org.springframework.security.web.session.SessionManagementFilter.doFilter(SessionManagementFilter.java:126)
	at org.springframework.security.web.session.SessionManagementFilter.doFilter(SessionManagementFilter.java:81)
	at org.springframework.security.web.FilterChainProxy$VirtualFilterChain.doFilter(FilterChainProxy.java:346)
	at org.springframework.security.web.authentication.AnonymousAuthenticationFilter.doFilter(AnonymousAuthenticationFilter.java:109)
	at org.springframework.security.web.FilterChainProxy$VirtualFilterChain.doFilter(FilterChainProxy.java:346)
	at org.springframework.security.web.servletapi.SecurityContextHolderAwareRequestFilter.doFilter(SecurityContextHolderAwareRequestFilter.java:149)
	at org.springframework.security.web.FilterChainProxy$VirtualFilterChain.doFilter(FilterChainProxy.java:346)
	at org.springframework.security.web.savedrequest.RequestCacheAwareFilter.doFilter(RequestCacheAwareFilter.java:63)
	at org.springframework.security.web.FilterChainProxy$VirtualFilterChain.doFilter(FilterChainProxy.java:346)
	at com.eshya.test.utils.AuthenticationTokenFilter.doFilterInternal(AuthenticationTokenFilter.java:60)
	at org.springframework.web.filter.OncePerRequestFilter.doFilter(OncePerRequestFilter.java:117)
	at org.springframework.security.web.FilterChainProxy$VirtualFilterChain.doFilter(FilterChainProxy.java:346)
	at org.springframework.security.web.authentication.logout.LogoutFilter.doFilter(LogoutFilter.java:103)
	at org.springframework.security.web.authentication.logout.LogoutFilter.doFilter(LogoutFilter.java:89)
	at org.springframework.security.web.FilterChainProxy$VirtualFilterChain.doFilter(FilterChainProxy.java:346)
	at org.springframework.web.filter.CorsFilter.doFilterInternal(CorsFilter.java:91)
	at org.springframework.web.filter.OncePerRequestFilter.doFilter(OncePerRequestFilter.java:117)
	at org.springframework.security.web.FilterChainProxy$VirtualFilterChain.doFilter(FilterChainProxy.java:346)
	at org.springframework.security.web.header.HeaderWriterFilter.doHeadersAfter(HeaderWriterFilter.java:90)
	at org.springframework.security.web.header.HeaderWriterFilter.doFilterInternal(HeaderWriterFilter.java:75)
	at org.springframework.web.filter.OncePerRequestFilter.doFilter(OncePerRequestFilter.java:117)
	at org.springframework.security.web.FilterChainProxy$VirtualFilterChain.doFilter(FilterChainProxy.java:346)
	at org.springframework.security.web.context.SecurityContextPersistenceFilter.doFilter(SecurityContextPersistenceFilter.java:112)
	at org.springframework.security.web.context.SecurityContextPersistenceFilter.doFilter(SecurityContextPersistenceFilter.java:82)
	at org.springframework.security.web.FilterChainProxy$VirtualFilterChain.doFilter(FilterChainProxy.java:346)
	at org.springframework.security.web.context.request.async.WebAsyncManagerIntegrationFilter.doFilterInternal(WebAsyncManagerIntegrationFilter.java:55)
	at org.springframework.web.filter.OncePerRequestFilter.doFilter(OncePerRequestFilter.java:117)
	at org.springframework.security.web.FilterChainProxy$VirtualFilterChain.doFilter(FilterChainProxy.java:346)
	at org.springframework.security.web.session.DisableEncodeUrlFilter.doFilterInternal(DisableEncodeUrlFilter.java:42)
	at org.springframework.web.filter.OncePerRequestFilter.doFilter(OncePerRequestFilter.java:117)
	at org.springframework.security.web.FilterChainProxy$VirtualFilterChain.doFilter(FilterChainProxy.java:346)
	at org.springframework.security.web.FilterChainProxy.doFilterInternal(FilterChainProxy.java:221)
	at org.springframework.security.web.FilterChainProxy.doFilter(FilterChainProxy.java:186)
	at org.springframework.web.filter.DelegatingFilterProxy.invokeDelegate(DelegatingFilterProxy.java:354)
	at org.springframework.web.filter.DelegatingFilterProxy.doFilter(DelegatingFilterProxy.java:267)
	at org.apache.catalina.core.ApplicationFilterChain.internalDoFilter(ApplicationFilterChain.java:178)
	at org.apache.catalina.core.ApplicationFilterChain.doFilter(ApplicationFilterChain.java:153)
	at org.springframework.web.filter.RequestContextFilter.doFilterInternal(RequestContextFilter.java:100)
	at org.springframework.web.filter.OncePerRequestFilter.doFilter(OncePerRequestFilter.java:117)
	at org.apache.catalina.core.ApplicationFilterChain.internalDoFilter(ApplicationFilterChain.java:178)
	at org.apache.catalina.core.ApplicationFilterChain.doFilter(ApplicationFilterChain.java:153)
	at org.springframework.web.filter.FormContentFilter.doFilterInternal(FormContentFilter.java:93)
	at org.springframework.web.filter.OncePerRequestFilter.doFilter(OncePerRequestFilter.java:117)
	at org.apache.catalina.core.ApplicationFilterChain.internalDoFilter(ApplicationFilterChain.java:178)
	at org.apache.catalina.core.ApplicationFilterChain.doFilter(ApplicationFilterChain.java:153)
	at org.springframework.web.filter.CharacterEncodingFilter.doFilterInternal(CharacterEncodingFilter.java:201)
	at org.springframework.web.filter.OncePerRequestFilter.doFilter(OncePerRequestFilter.java:117)
	at org.apache.catalina.core.ApplicationFilterChain.internalDoFilter(ApplicationFilterChain.java:178)
	at org.apache.catalina.core.ApplicationFilterChain.doFilter(ApplicationFilterChain.java:153)
	at org.apache.catalina.core.StandardWrapperValve.invoke(StandardWrapperValve.java:167)
	at org.apache.catalina.core.StandardContextValve.invoke(StandardContextValve.java:90)
	at org.apache.catalina.authenticator.AuthenticatorBase.invoke(AuthenticatorBase.java:481)
	at org.apache.catalina.core.StandardHostValve.invoke(StandardHostValve.java:130)
	at org.apache.catalina.valves.ErrorReportValve.invoke(ErrorReportValve.java:93)
	at org.apache.catalina.core.StandardEngineValve.invoke(StandardEngineValve.java:74)
	at org.apache.catalina.connector.CoyoteAdapter.service(CoyoteAdapter.java:343)
	at org.apache.coyote.http11.Http11Processor.service(Http11Processor.java:390)
	at org.apache.coyote.AbstractProcessorLight.process(AbstractProcessorLight.java:63)
	at org.apache.coyote.AbstractProtocol$ConnectionHandler.process(AbstractProtocol.java:926)
	at org.apache.tomcat.util.net.NioEndpoint$SocketProcessor.doRun(NioEndpoint.java:1790)
	at org.apache.tomcat.util.net.SocketProcessorBase.run(SocketProcessorBase.java:52)
	at org.apache.tomcat.util.threads.ThreadPoolExecutor.runWorker(ThreadPoolExecutor.java:1191)
	at org.apache.tomcat.util.threads.ThreadPoolExecutor$Worker.run(ThreadPoolExecutor.java:659)
	at org.apache.tomcat.util.threads.TaskThread$WrappingRunnable.run(TaskThread.java:61)
	at java.base/java.lang.Thread.run(Thread.java:1623)
2023-12-07 23:09:09,558 INFO com.eshya.test.TestApplication [main] Starting TestApplication using Java 20.0.1 on JKERALPT050 with PID 39264 (D:\playground\spring\test\target\classes started by achmad.mutawaqqil in D:\playground\spring\test)
2023-12-07 23:09:09,560 DEBUG com.eshya.test.TestApplication [main] Running with Spring Boot v2.7.15, Spring v5.3.29
2023-12-07 23:09:09,561 INFO com.eshya.test.TestApplication [main] The following 1 profile is active: "dev"
2023-12-07 23:09:12,845 DEBUG com.eshya.test.utils.AuthenticationTokenFilter [main] Filter 'authenticationJwtTokenFilter' configured for use
2023-12-07 23:09:13,464 INFO com.eshya.test.TestApplication [main] Started TestApplication in 4.23 seconds (JVM running for 4.737)
2023-12-07 23:09:26,167 INFO com.eshya.test.utils.JwtUtils [http-nio-8081-exec-1] my token is eyJhbGciOiJIUzUxMiJ9.eyJzdWIiOiJ1c2VyX3BvcnRhbF90b2tlbiIsImlhdCI6MTcwMTk2MzQ1MSwiZXhwIjoxNzAyMDQ5ODUxLCJ1c2VybmFtZSI6ImVzaHlhIn0.uPmUuDG1Qv1iEhtUVBJ7L_k1LIUx9ikyVFPL_ICKGy0qg4fqOxr7BPbpr8PyLH3fH80h_8gLj2rwTasoLdzMug
2023-12-07 23:09:26,226 INFO com.eshya.test.utils.AuthenticationTokenFilter [http-nio-8081-exec-1] Username: eshya,Role: ROLE_USER
2023-12-07 23:09:26,227 INFO com.eshya.test.utils.AuthenticationTokenFilter [http-nio-8081-exec-1] Username: eshya,Role: [ROLE_USER]
2023-12-07 23:09:26,305 INFO com.eshya.test.utils.JwtUtils [http-nio-8081-exec-1] my token is eyJhbGciOiJIUzUxMiJ9.eyJzdWIiOiJ1c2VyX3BvcnRhbF90b2tlbiIsImlhdCI6MTcwMTk2MzQ1MSwiZXhwIjoxNzAyMDQ5ODUxLCJ1c2VybmFtZSI6ImVzaHlhIn0.uPmUuDG1Qv1iEhtUVBJ7L_k1LIUx9ikyVFPL_ICKGy0qg4fqOxr7BPbpr8PyLH3fH80h_8gLj2rwTasoLdzMug
2023-12-07 23:09:26,306 INFO com.eshya.test.controller.TaskController [http-nio-8081-exec-1] creating task for user : eshya
2023-12-07 23:09:26,366 INFO com.eshya.test.utils.RequestResponseTimeTracker [http-nio-8081-exec-1] Request URI: /test_be/task, Execution Time taken by : createTask() method is - 63 ms
2023-12-07 23:09:34,979 INFO com.eshya.test.utils.JwtUtils [http-nio-8081-exec-3] my token is eyJhbGciOiJIUzUxMiJ9.eyJzdWIiOiJ1c2VyX3BvcnRhbF90b2tlbiIsImlhdCI6MTcwMTk2MzQ1MSwiZXhwIjoxNzAyMDQ5ODUxLCJ1c2VybmFtZSI6ImVzaHlhIn0.uPmUuDG1Qv1iEhtUVBJ7L_k1LIUx9ikyVFPL_ICKGy0qg4fqOxr7BPbpr8PyLH3fH80h_8gLj2rwTasoLdzMug
2023-12-07 23:09:34,984 INFO com.eshya.test.utils.AuthenticationTokenFilter [http-nio-8081-exec-3] Username: eshya,Role: ROLE_USER
2023-12-07 23:09:34,985 INFO com.eshya.test.utils.AuthenticationTokenFilter [http-nio-8081-exec-3] Username: eshya,Role: [ROLE_USER]
2023-12-07 23:09:34,986 INFO com.eshya.test.utils.JwtUtils [http-nio-8081-exec-3] my token is eyJhbGciOiJIUzUxMiJ9.eyJzdWIiOiJ1c2VyX3BvcnRhbF90b2tlbiIsImlhdCI6MTcwMTk2MzQ1MSwiZXhwIjoxNzAyMDQ5ODUxLCJ1c2VybmFtZSI6ImVzaHlhIn0.uPmUuDG1Qv1iEhtUVBJ7L_k1LIUx9ikyVFPL_ICKGy0qg4fqOxr7BPbpr8PyLH3fH80h_8gLj2rwTasoLdzMug
2023-12-07 23:09:34,987 INFO com.eshya.test.controller.TaskController [http-nio-8081-exec-3] creating task for user : eshya
2023-12-07 23:09:34,996 INFO com.eshya.test.utils.RequestResponseTimeTracker [http-nio-8081-exec-3] Request URI: /test_be/task, Execution Time taken by : createTask() method is - 9 ms
2023-12-07 23:10:01,821 INFO com.eshya.test.utils.JwtUtils [http-nio-8081-exec-4] my token is eyJhbGciOiJIUzUxMiJ9.eyJzdWIiOiJ1c2VyX3BvcnRhbF90b2tlbiIsImlhdCI6MTcwMTk2MzQ1MSwiZXhwIjoxNzAyMDQ5ODUxLCJ1c2VybmFtZSI6ImVzaHlhIn0.uPmUuDG1Qv1iEhtUVBJ7L_k1LIUx9ikyVFPL_ICKGy0qg4fqOxr7BPbpr8PyLH3fH80h_8gLj2rwTasoLdzMug
2023-12-07 23:10:01,827 INFO com.eshya.test.utils.AuthenticationTokenFilter [http-nio-8081-exec-4] Username: eshya,Role: ROLE_USER
2023-12-07 23:10:01,827 INFO com.eshya.test.utils.AuthenticationTokenFilter [http-nio-8081-exec-4] Username: eshya,Role: [ROLE_USER]
2023-12-07 23:10:01,829 INFO com.eshya.test.utils.JwtUtils [http-nio-8081-exec-4] my token is eyJhbGciOiJIUzUxMiJ9.eyJzdWIiOiJ1c2VyX3BvcnRhbF90b2tlbiIsImlhdCI6MTcwMTk2MzQ1MSwiZXhwIjoxNzAyMDQ5ODUxLCJ1c2VybmFtZSI6ImVzaHlhIn0.uPmUuDG1Qv1iEhtUVBJ7L_k1LIUx9ikyVFPL_ICKGy0qg4fqOxr7BPbpr8PyLH3fH80h_8gLj2rwTasoLdzMug
2023-12-07 23:10:01,830 INFO com.eshya.test.controller.TaskController [http-nio-8081-exec-4] creating task for user : eshya
2023-12-07 23:10:01,842 INFO com.eshya.test.utils.RequestResponseTimeTracker [http-nio-8081-exec-4] Request URI: /test_be/task, Execution Time taken by : getTask() method is - 13 ms
2023-12-07 23:11:08,354 INFO com.eshya.test.utils.JwtUtils [http-nio-8081-exec-7] my token is eyJhbGciOiJIUzUxMiJ9.eyJzdWIiOiJ1c2VyX3BvcnRhbF90b2tlbiIsImlhdCI6MTcwMTk2MzQ1MSwiZXhwIjoxNzAyMDQ5ODUxLCJ1c2VybmFtZSI6ImVzaHlhIn0.uPmUuDG1Qv1iEhtUVBJ7L_k1LIUx9ikyVFPL_ICKGy0qg4fqOxr7BPbpr8PyLH3fH80h_8gLj2rwTasoLdzMug
2023-12-07 23:11:08,360 INFO com.eshya.test.utils.AuthenticationTokenFilter [http-nio-8081-exec-7] Username: eshya,Role: ROLE_USER
2023-12-07 23:11:08,360 INFO com.eshya.test.utils.AuthenticationTokenFilter [http-nio-8081-exec-7] Username: eshya,Role: [ROLE_USER]
2023-12-07 23:11:08,363 INFO com.eshya.test.utils.JwtUtils [http-nio-8081-exec-7] my token is eyJhbGciOiJIUzUxMiJ9.eyJzdWIiOiJ1c2VyX3BvcnRhbF90b2tlbiIsImlhdCI6MTcwMTk2MzQ1MSwiZXhwIjoxNzAyMDQ5ODUxLCJ1c2VybmFtZSI6ImVzaHlhIn0.uPmUuDG1Qv1iEhtUVBJ7L_k1LIUx9ikyVFPL_ICKGy0qg4fqOxr7BPbpr8PyLH3fH80h_8gLj2rwTasoLdzMug
2023-12-07 23:11:08,364 INFO com.eshya.test.controller.TaskController [http-nio-8081-exec-7] creating task for user : eshya
2023-12-07 23:11:08,372 INFO com.eshya.test.utils.RequestResponseTimeTracker [http-nio-8081-exec-7] Request URI: /test_be/task/84f0e577-b676-4feb-9cb2-c8432fa74e48, Execution Time taken by : getTaskById() method is - 9 ms
2023-12-07 23:12:34,008 INFO com.eshya.test.utils.JwtUtils [http-nio-8081-exec-10] my token is eyJhbGciOiJIUzUxMiJ9.eyJzdWIiOiJ1c2VyX3BvcnRhbF90b2tlbiIsImlhdCI6MTcwMTk2MzQ1MSwiZXhwIjoxNzAyMDQ5ODUxLCJ1c2VybmFtZSI6ImVzaHlhIn0.uPmUuDG1Qv1iEhtUVBJ7L_k1LIUx9ikyVFPL_ICKGy0qg4fqOxr7BPbpr8PyLH3fH80h_8gLj2rwTasoLdzMug
2023-12-07 23:12:34,013 INFO com.eshya.test.utils.AuthenticationTokenFilter [http-nio-8081-exec-10] Username: eshya,Role: ROLE_USER
2023-12-07 23:12:34,014 INFO com.eshya.test.utils.AuthenticationTokenFilter [http-nio-8081-exec-10] Username: eshya,Role: [ROLE_USER]
2023-12-07 23:12:34,018 INFO com.eshya.test.utils.JwtUtils [http-nio-8081-exec-10] my token is eyJhbGciOiJIUzUxMiJ9.eyJzdWIiOiJ1c2VyX3BvcnRhbF90b2tlbiIsImlhdCI6MTcwMTk2MzQ1MSwiZXhwIjoxNzAyMDQ5ODUxLCJ1c2VybmFtZSI6ImVzaHlhIn0.uPmUuDG1Qv1iEhtUVBJ7L_k1LIUx9ikyVFPL_ICKGy0qg4fqOxr7BPbpr8PyLH3fH80h_8gLj2rwTasoLdzMug
2023-12-07 23:12:34,019 INFO com.eshya.test.controller.TaskController [http-nio-8081-exec-10] creating task for user : eshya
2023-12-07 23:12:34,028 ERROR org.apache.catalina.core.ContainerBase.[Tomcat].[localhost].[/].[dispatcherServlet] [http-nio-8081-exec-10] Servlet.service() for servlet [dispatcherServlet] in context with path [] threw exception [Request processing failed; nested exception is java.lang.NullPointerException: Cannot invoke "String.isEmpty()" because the return value of "com.eshya.test.payload.task.TaskUpdateReq.getName()" is null] with root cause
java.lang.NullPointerException: Cannot invoke "String.isEmpty()" because the return value of "com.eshya.test.payload.task.TaskUpdateReq.getName()" is null
	at com.eshya.test.controller.TaskController.updateTaskById(TaskController.java:94)
	at com.eshya.test.controller.TaskController$$FastClassBySpringCGLIB$$ce104f10.invoke(<generated>)
	at org.springframework.cglib.proxy.MethodProxy.invoke(MethodProxy.java:218)
	at org.springframework.aop.framework.CglibAopProxy$CglibMethodInvocation.invokeJoinpoint(CglibAopProxy.java:793)
	at org.springframework.aop.framework.ReflectiveMethodInvocation.proceed(ReflectiveMethodInvocation.java:163)
	at org.springframework.aop.framework.CglibAopProxy$CglibMethodInvocation.proceed(CglibAopProxy.java:763)
	at org.springframework.aop.aspectj.MethodInvocationProceedingJoinPoint.proceed(MethodInvocationProceedingJoinPoint.java:89)
	at com.eshya.test.utils.RequestResponseTimeTracker.measureTime(RequestResponseTimeTracker.java:25)
	at java.base/jdk.internal.reflect.DirectMethodHandleAccessor.invoke(DirectMethodHandleAccessor.java:104)
	at java.base/java.lang.reflect.Method.invoke(Method.java:578)
	at org.springframework.aop.aspectj.AbstractAspectJAdvice.invokeAdviceMethodWithGivenArgs(AbstractAspectJAdvice.java:634)
	at org.springframework.aop.aspectj.AbstractAspectJAdvice.invokeAdviceMethod(AbstractAspectJAdvice.java:624)
	at org.springframework.aop.aspectj.AspectJAroundAdvice.invoke(AspectJAroundAdvice.java:72)
	at org.springframework.aop.framework.ReflectiveMethodInvocation.proceed(ReflectiveMethodInvocation.java:175)
	at org.springframework.aop.framework.CglibAopProxy$CglibMethodInvocation.proceed(CglibAopProxy.java:763)
	at org.springframework.aop.interceptor.ExposeInvocationInterceptor.invoke(ExposeInvocationInterceptor.java:97)
	at org.springframework.aop.framework.ReflectiveMethodInvocation.proceed(ReflectiveMethodInvocation.java:186)
	at org.springframework.aop.framework.CglibAopProxy$CglibMethodInvocation.proceed(CglibAopProxy.java:763)
	at org.springframework.aop.framework.CglibAopProxy$DynamicAdvisedInterceptor.intercept(CglibAopProxy.java:708)
	at com.eshya.test.controller.TaskController$$EnhancerBySpringCGLIB$$55f87163.updateTaskById(<generated>)
	at java.base/jdk.internal.reflect.DirectMethodHandleAccessor.invoke(DirectMethodHandleAccessor.java:104)
	at java.base/java.lang.reflect.Method.invoke(Method.java:578)
	at org.springframework.web.method.support.InvocableHandlerMethod.doInvoke(InvocableHandlerMethod.java:205)
	at org.springframework.web.method.support.InvocableHandlerMethod.invokeForRequest(InvocableHandlerMethod.java:150)
	at org.springframework.web.servlet.mvc.method.annotation.ServletInvocableHandlerMethod.invokeAndHandle(ServletInvocableHandlerMethod.java:117)
	at org.springframework.web.servlet.mvc.method.annotation.RequestMappingHandlerAdapter.invokeHandlerMethod(RequestMappingHandlerAdapter.java:895)
	at org.springframework.web.servlet.mvc.method.annotation.RequestMappingHandlerAdapter.handleInternal(RequestMappingHandlerAdapter.java:808)
	at org.springframework.web.servlet.mvc.method.AbstractHandlerMethodAdapter.handle(AbstractHandlerMethodAdapter.java:87)
	at org.springframework.web.servlet.DispatcherServlet.doDispatch(DispatcherServlet.java:1072)
	at org.springframework.web.servlet.DispatcherServlet.doService(DispatcherServlet.java:965)
	at org.springframework.web.servlet.FrameworkServlet.processRequest(FrameworkServlet.java:1006)
	at org.springframework.web.servlet.FrameworkServlet.doPut(FrameworkServlet.java:920)
	at javax.servlet.http.HttpServlet.service(HttpServlet.java:558)
	at org.springframework.web.servlet.FrameworkServlet.service(FrameworkServlet.java:883)
	at javax.servlet.http.HttpServlet.service(HttpServlet.java:623)
	at org.apache.catalina.core.ApplicationFilterChain.internalDoFilter(ApplicationFilterChain.java:209)
	at org.apache.catalina.core.ApplicationFilterChain.doFilter(ApplicationFilterChain.java:153)
	at org.apache.tomcat.websocket.server.WsFilter.doFilter(WsFilter.java:51)
	at org.apache.catalina.core.ApplicationFilterChain.internalDoFilter(ApplicationFilterChain.java:178)
	at org.apache.catalina.core.ApplicationFilterChain.doFilter(ApplicationFilterChain.java:153)
	at org.springframework.web.filter.OncePerRequestFilter.doFilter(OncePerRequestFilter.java:111)
	at org.apache.catalina.core.ApplicationFilterChain.internalDoFilter(ApplicationFilterChain.java:178)
	at org.apache.catalina.core.ApplicationFilterChain.doFilter(ApplicationFilterChain.java:153)
	at org.springframework.security.web.FilterChainProxy$VirtualFilterChain.doFilter(FilterChainProxy.java:337)
	at org.springframework.security.web.access.intercept.FilterSecurityInterceptor.invoke(FilterSecurityInterceptor.java:115)
	at org.springframework.security.web.access.intercept.FilterSecurityInterceptor.doFilter(FilterSecurityInterceptor.java:81)
	at org.springframework.security.web.FilterChainProxy$VirtualFilterChain.doFilter(FilterChainProxy.java:346)
	at org.springframework.security.web.access.ExceptionTranslationFilter.doFilter(ExceptionTranslationFilter.java:122)
	at org.springframework.security.web.access.ExceptionTranslationFilter.doFilter(ExceptionTranslationFilter.java:116)
	at org.springframework.security.web.FilterChainProxy$VirtualFilterChain.doFilter(FilterChainProxy.java:346)
	at org.springframework.security.web.session.SessionManagementFilter.doFilter(SessionManagementFilter.java:126)
	at org.springframework.security.web.session.SessionManagementFilter.doFilter(SessionManagementFilter.java:81)
	at org.springframework.security.web.FilterChainProxy$VirtualFilterChain.doFilter(FilterChainProxy.java:346)
	at org.springframework.security.web.authentication.AnonymousAuthenticationFilter.doFilter(AnonymousAuthenticationFilter.java:109)
	at org.springframework.security.web.FilterChainProxy$VirtualFilterChain.doFilter(FilterChainProxy.java:346)
	at org.springframework.security.web.servletapi.SecurityContextHolderAwareRequestFilter.doFilter(SecurityContextHolderAwareRequestFilter.java:149)
	at org.springframework.security.web.FilterChainProxy$VirtualFilterChain.doFilter(FilterChainProxy.java:346)
	at org.springframework.security.web.savedrequest.RequestCacheAwareFilter.doFilter(RequestCacheAwareFilter.java:63)
	at org.springframework.security.web.FilterChainProxy$VirtualFilterChain.doFilter(FilterChainProxy.java:346)
	at com.eshya.test.utils.AuthenticationTokenFilter.doFilterInternal(AuthenticationTokenFilter.java:60)
	at org.springframework.web.filter.OncePerRequestFilter.doFilter(OncePerRequestFilter.java:117)
	at org.springframework.security.web.FilterChainProxy$VirtualFilterChain.doFilter(FilterChainProxy.java:346)
	at org.springframework.security.web.authentication.logout.LogoutFilter.doFilter(LogoutFilter.java:103)
	at org.springframework.security.web.authentication.logout.LogoutFilter.doFilter(LogoutFilter.java:89)
	at org.springframework.security.web.FilterChainProxy$VirtualFilterChain.doFilter(FilterChainProxy.java:346)
	at org.springframework.web.filter.CorsFilter.doFilterInternal(CorsFilter.java:91)
	at org.springframework.web.filter.OncePerRequestFilter.doFilter(OncePerRequestFilter.java:117)
	at org.springframework.security.web.FilterChainProxy$VirtualFilterChain.doFilter(FilterChainProxy.java:346)
	at org.springframework.security.web.header.HeaderWriterFilter.doHeadersAfter(HeaderWriterFilter.java:90)
	at org.springframework.security.web.header.HeaderWriterFilter.doFilterInternal(HeaderWriterFilter.java:75)
	at org.springframework.web.filter.OncePerRequestFilter.doFilter(OncePerRequestFilter.java:117)
	at org.springframework.security.web.FilterChainProxy$VirtualFilterChain.doFilter(FilterChainProxy.java:346)
	at org.springframework.security.web.context.SecurityContextPersistenceFilter.doFilter(SecurityContextPersistenceFilter.java:112)
	at org.springframework.security.web.context.SecurityContextPersistenceFilter.doFilter(SecurityContextPersistenceFilter.java:82)
	at org.springframework.security.web.FilterChainProxy$VirtualFilterChain.doFilter(FilterChainProxy.java:346)
	at org.springframework.security.web.context.request.async.WebAsyncManagerIntegrationFilter.doFilterInternal(WebAsyncManagerIntegrationFilter.java:55)
	at org.springframework.web.filter.OncePerRequestFilter.doFilter(OncePerRequestFilter.java:117)
	at org.springframework.security.web.FilterChainProxy$VirtualFilterChain.doFilter(FilterChainProxy.java:346)
	at org.springframework.security.web.session.DisableEncodeUrlFilter.doFilterInternal(DisableEncodeUrlFilter.java:42)
	at org.springframework.web.filter.OncePerRequestFilter.doFilter(OncePerRequestFilter.java:117)
	at org.springframework.security.web.FilterChainProxy$VirtualFilterChain.doFilter(FilterChainProxy.java:346)
	at org.springframework.security.web.FilterChainProxy.doFilterInternal(FilterChainProxy.java:221)
	at org.springframework.security.web.FilterChainProxy.doFilter(FilterChainProxy.java:186)
	at org.springframework.web.filter.DelegatingFilterProxy.invokeDelegate(DelegatingFilterProxy.java:354)
	at org.springframework.web.filter.DelegatingFilterProxy.doFilter(DelegatingFilterProxy.java:267)
	at org.apache.catalina.core.ApplicationFilterChain.internalDoFilter(ApplicationFilterChain.java:178)
	at org.apache.catalina.core.ApplicationFilterChain.doFilter(ApplicationFilterChain.java:153)
	at org.springframework.web.filter.RequestContextFilter.doFilterInternal(RequestContextFilter.java:100)
	at org.springframework.web.filter.OncePerRequestFilter.doFilter(OncePerRequestFilter.java:117)
	at org.apache.catalina.core.ApplicationFilterChain.internalDoFilter(ApplicationFilterChain.java:178)
	at org.apache.catalina.core.ApplicationFilterChain.doFilter(ApplicationFilterChain.java:153)
	at org.springframework.web.filter.FormContentFilter.doFilterInternal(FormContentFilter.java:93)
	at org.springframework.web.filter.OncePerRequestFilter.doFilter(OncePerRequestFilter.java:117)
	at org.apache.catalina.core.ApplicationFilterChain.internalDoFilter(ApplicationFilterChain.java:178)
	at org.apache.catalina.core.ApplicationFilterChain.doFilter(ApplicationFilterChain.java:153)
	at org.springframework.web.filter.CharacterEncodingFilter.doFilterInternal(CharacterEncodingFilter.java:201)
	at org.springframework.web.filter.OncePerRequestFilter.doFilter(OncePerRequestFilter.java:117)
	at org.apache.catalina.core.ApplicationFilterChain.internalDoFilter(ApplicationFilterChain.java:178)
	at org.apache.catalina.core.ApplicationFilterChain.doFilter(ApplicationFilterChain.java:153)
	at org.apache.catalina.core.StandardWrapperValve.invoke(StandardWrapperValve.java:167)
	at org.apache.catalina.core.StandardContextValve.invoke(StandardContextValve.java:90)
	at org.apache.catalina.authenticator.AuthenticatorBase.invoke(AuthenticatorBase.java:481)
	at org.apache.catalina.core.StandardHostValve.invoke(StandardHostValve.java:130)
	at org.apache.catalina.valves.ErrorReportValve.invoke(ErrorReportValve.java:93)
	at org.apache.catalina.core.StandardEngineValve.invoke(StandardEngineValve.java:74)
	at org.apache.catalina.connector.CoyoteAdapter.service(CoyoteAdapter.java:343)
	at org.apache.coyote.http11.Http11Processor.service(Http11Processor.java:390)
	at org.apache.coyote.AbstractProcessorLight.process(AbstractProcessorLight.java:63)
	at org.apache.coyote.AbstractProtocol$ConnectionHandler.process(AbstractProtocol.java:926)
	at org.apache.tomcat.util.net.NioEndpoint$SocketProcessor.doRun(NioEndpoint.java:1790)
	at org.apache.tomcat.util.net.SocketProcessorBase.run(SocketProcessorBase.java:52)
	at org.apache.tomcat.util.threads.ThreadPoolExecutor.runWorker(ThreadPoolExecutor.java:1191)
	at org.apache.tomcat.util.threads.ThreadPoolExecutor$Worker.run(ThreadPoolExecutor.java:659)
	at org.apache.tomcat.util.threads.TaskThread$WrappingRunnable.run(TaskThread.java:61)
	at java.base/java.lang.Thread.run(Thread.java:1623)
2023-12-07 23:13:15,817 INFO com.eshya.test.TestApplication [main] Starting TestApplication using Java 20.0.1 on JKERALPT050 with PID 12872 (D:\playground\spring\test\target\classes started by achmad.mutawaqqil in D:\playground\spring\test)
2023-12-07 23:13:15,819 DEBUG com.eshya.test.TestApplication [main] Running with Spring Boot v2.7.15, Spring v5.3.29
2023-12-07 23:13:15,820 INFO com.eshya.test.TestApplication [main] The following 1 profile is active: "dev"
2023-12-07 23:13:18,922 DEBUG com.eshya.test.utils.AuthenticationTokenFilter [main] Filter 'authenticationJwtTokenFilter' configured for use
2023-12-07 23:13:19,522 INFO com.eshya.test.TestApplication [main] Started TestApplication in 4.012 seconds (JVM running for 4.521)
2023-12-07 23:13:20,634 INFO com.eshya.test.utils.JwtUtils [http-nio-8081-exec-1] my token is eyJhbGciOiJIUzUxMiJ9.eyJzdWIiOiJ1c2VyX3BvcnRhbF90b2tlbiIsImlhdCI6MTcwMTk2MzQ1MSwiZXhwIjoxNzAyMDQ5ODUxLCJ1c2VybmFtZSI6ImVzaHlhIn0.uPmUuDG1Qv1iEhtUVBJ7L_k1LIUx9ikyVFPL_ICKGy0qg4fqOxr7BPbpr8PyLH3fH80h_8gLj2rwTasoLdzMug
2023-12-07 23:13:20,680 INFO com.eshya.test.utils.AuthenticationTokenFilter [http-nio-8081-exec-1] Username: eshya,Role: ROLE_USER
2023-12-07 23:13:20,681 INFO com.eshya.test.utils.AuthenticationTokenFilter [http-nio-8081-exec-1] Username: eshya,Role: [ROLE_USER]
2023-12-07 23:13:20,743 INFO com.eshya.test.utils.JwtUtils [http-nio-8081-exec-1] my token is eyJhbGciOiJIUzUxMiJ9.eyJzdWIiOiJ1c2VyX3BvcnRhbF90b2tlbiIsImlhdCI6MTcwMTk2MzQ1MSwiZXhwIjoxNzAyMDQ5ODUxLCJ1c2VybmFtZSI6ImVzaHlhIn0.uPmUuDG1Qv1iEhtUVBJ7L_k1LIUx9ikyVFPL_ICKGy0qg4fqOxr7BPbpr8PyLH3fH80h_8gLj2rwTasoLdzMug
2023-12-07 23:13:20,744 INFO com.eshya.test.controller.TaskController [http-nio-8081-exec-1] creating task for user : eshya
2023-12-07 23:13:20,788 INFO com.eshya.test.utils.RequestResponseTimeTracker [http-nio-8081-exec-1] Request URI: /test_be/task/84f0e577-b676-4feb-9cb2-c8432fa74e48, Execution Time taken by : updateTaskById() method is - 45 ms
2023-12-07 23:13:42,363 INFO com.eshya.test.utils.JwtUtils [http-nio-8081-exec-3] my token is eyJhbGciOiJIUzUxMiJ9.eyJzdWIiOiJ1c2VyX3BvcnRhbF90b2tlbiIsImlhdCI6MTcwMTk2MzQ1MSwiZXhwIjoxNzAyMDQ5ODUxLCJ1c2VybmFtZSI6ImVzaHlhIn0.uPmUuDG1Qv1iEhtUVBJ7L_k1LIUx9ikyVFPL_ICKGy0qg4fqOxr7BPbpr8PyLH3fH80h_8gLj2rwTasoLdzMug
2023-12-07 23:13:42,368 INFO com.eshya.test.utils.AuthenticationTokenFilter [http-nio-8081-exec-3] Username: eshya,Role: ROLE_USER
2023-12-07 23:13:42,368 INFO com.eshya.test.utils.AuthenticationTokenFilter [http-nio-8081-exec-3] Username: eshya,Role: [ROLE_USER]
2023-12-07 23:13:42,370 INFO com.eshya.test.utils.JwtUtils [http-nio-8081-exec-3] my token is eyJhbGciOiJIUzUxMiJ9.eyJzdWIiOiJ1c2VyX3BvcnRhbF90b2tlbiIsImlhdCI6MTcwMTk2MzQ1MSwiZXhwIjoxNzAyMDQ5ODUxLCJ1c2VybmFtZSI6ImVzaHlhIn0.uPmUuDG1Qv1iEhtUVBJ7L_k1LIUx9ikyVFPL_ICKGy0qg4fqOxr7BPbpr8PyLH3fH80h_8gLj2rwTasoLdzMug
2023-12-07 23:13:42,371 INFO com.eshya.test.controller.TaskController [http-nio-8081-exec-3] creating task for user : eshya
2023-12-07 23:13:42,375 INFO com.eshya.test.utils.RequestResponseTimeTracker [http-nio-8081-exec-3] Request URI: /test_be/task/84f0e577-b676-4feb-9cb2-c8432fa74e48, Execution Time taken by : getTaskById() method is - 4 ms
2023-12-07 23:13:49,639 INFO com.eshya.test.utils.JwtUtils [http-nio-8081-exec-4] my token is eyJhbGciOiJIUzUxMiJ9.eyJzdWIiOiJ1c2VyX3BvcnRhbF90b2tlbiIsImlhdCI6MTcwMTk2MzQ1MSwiZXhwIjoxNzAyMDQ5ODUxLCJ1c2VybmFtZSI6ImVzaHlhIn0.uPmUuDG1Qv1iEhtUVBJ7L_k1LIUx9ikyVFPL_ICKGy0qg4fqOxr7BPbpr8PyLH3fH80h_8gLj2rwTasoLdzMug
2023-12-07 23:13:49,645 INFO com.eshya.test.utils.AuthenticationTokenFilter [http-nio-8081-exec-4] Username: eshya,Role: ROLE_USER
2023-12-07 23:13:49,645 INFO com.eshya.test.utils.AuthenticationTokenFilter [http-nio-8081-exec-4] Username: eshya,Role: [ROLE_USER]
2023-12-07 23:13:49,647 INFO com.eshya.test.utils.JwtUtils [http-nio-8081-exec-4] my token is eyJhbGciOiJIUzUxMiJ9.eyJzdWIiOiJ1c2VyX3BvcnRhbF90b2tlbiIsImlhdCI6MTcwMTk2MzQ1MSwiZXhwIjoxNzAyMDQ5ODUxLCJ1c2VybmFtZSI6ImVzaHlhIn0.uPmUuDG1Qv1iEhtUVBJ7L_k1LIUx9ikyVFPL_ICKGy0qg4fqOxr7BPbpr8PyLH3fH80h_8gLj2rwTasoLdzMug
2023-12-07 23:13:49,648 INFO com.eshya.test.controller.TaskController [http-nio-8081-exec-4] creating task for user : eshya
2023-12-07 23:13:49,652 INFO com.eshya.test.utils.RequestResponseTimeTracker [http-nio-8081-exec-4] Request URI: /test_be/task/84f0e577-b676-4feb-9cb2-c8432fa74e48, Execution Time taken by : getTaskById() method is - 5 ms
2023-12-07 23:15:06,936 INFO com.eshya.test.TestApplication [main] Starting TestApplication using Java 20.0.1 on JKERALPT050 with PID 39312 (D:\playground\spring\test\target\classes started by achmad.mutawaqqil in D:\playground\spring\test)
2023-12-07 23:15:06,938 DEBUG com.eshya.test.TestApplication [main] Running with Spring Boot v2.7.15, Spring v5.3.29
2023-12-07 23:15:06,938 INFO com.eshya.test.TestApplication [main] The following 1 profile is active: "dev"
2023-12-07 23:15:10,081 DEBUG com.eshya.test.utils.AuthenticationTokenFilter [main] Filter 'authenticationJwtTokenFilter' configured for use
2023-12-07 23:15:10,737 INFO com.eshya.test.TestApplication [main] Started TestApplication in 4.144 seconds (JVM running for 4.681)
2023-12-07 23:15:13,398 INFO com.eshya.test.utils.JwtUtils [http-nio-8081-exec-2] my token is eyJhbGciOiJIUzUxMiJ9.eyJzdWIiOiJ1c2VyX3BvcnRhbF90b2tlbiIsImlhdCI6MTcwMTk2MzQ1MSwiZXhwIjoxNzAyMDQ5ODUxLCJ1c2VybmFtZSI6ImVzaHlhIn0.uPmUuDG1Qv1iEhtUVBJ7L_k1LIUx9ikyVFPL_ICKGy0qg4fqOxr7BPbpr8PyLH3fH80h_8gLj2rwTasoLdzMug
2023-12-07 23:15:13,449 INFO com.eshya.test.utils.AuthenticationTokenFilter [http-nio-8081-exec-2] Username: eshya,Role: ROLE_USER
2023-12-07 23:15:13,449 INFO com.eshya.test.utils.AuthenticationTokenFilter [http-nio-8081-exec-2] Username: eshya,Role: [ROLE_USER]
2023-12-07 23:15:13,520 INFO com.eshya.test.utils.JwtUtils [http-nio-8081-exec-2] my token is eyJhbGciOiJIUzUxMiJ9.eyJzdWIiOiJ1c2VyX3BvcnRhbF90b2tlbiIsImlhdCI6MTcwMTk2MzQ1MSwiZXhwIjoxNzAyMDQ5ODUxLCJ1c2VybmFtZSI6ImVzaHlhIn0.uPmUuDG1Qv1iEhtUVBJ7L_k1LIUx9ikyVFPL_ICKGy0qg4fqOxr7BPbpr8PyLH3fH80h_8gLj2rwTasoLdzMug
2023-12-07 23:15:13,522 INFO com.eshya.test.controller.TaskController [http-nio-8081-exec-2] update task for user : eshya
2023-12-07 23:15:13,553 INFO com.eshya.test.controller.TaskController [http-nio-8081-exec-2] task name: task - 1 , description: description aja , completed: false
2023-12-07 23:15:13,574 INFO com.eshya.test.utils.RequestResponseTimeTracker [http-nio-8081-exec-2] Request URI: /test_be/task/84f0e577-b676-4feb-9cb2-c8432fa74e48, Execution Time taken by : updateTaskById() method is - 53 ms
2023-12-07 23:16:28,173 INFO com.eshya.test.TestApplication [main] Starting TestApplication using Java 20.0.1 on JKERALPT050 with PID 5820 (D:\playground\spring\test\target\classes started by achmad.mutawaqqil in D:\playground\spring\test)
2023-12-07 23:16:28,180 DEBUG com.eshya.test.TestApplication [main] Running with Spring Boot v2.7.15, Spring v5.3.29
2023-12-07 23:16:28,182 INFO com.eshya.test.TestApplication [main] The following 1 profile is active: "dev"
2023-12-07 23:16:31,415 DEBUG com.eshya.test.utils.AuthenticationTokenFilter [main] Filter 'authenticationJwtTokenFilter' configured for use
2023-12-07 23:16:32,118 INFO com.eshya.test.TestApplication [main] Started TestApplication in 4.285 seconds (JVM running for 4.793)
2023-12-07 23:16:35,058 INFO com.eshya.test.utils.JwtUtils [http-nio-8081-exec-1] my token is eyJhbGciOiJIUzUxMiJ9.eyJzdWIiOiJ1c2VyX3BvcnRhbF90b2tlbiIsImlhdCI6MTcwMTk2MzQ1MSwiZXhwIjoxNzAyMDQ5ODUxLCJ1c2VybmFtZSI6ImVzaHlhIn0.uPmUuDG1Qv1iEhtUVBJ7L_k1LIUx9ikyVFPL_ICKGy0qg4fqOxr7BPbpr8PyLH3fH80h_8gLj2rwTasoLdzMug
2023-12-07 23:16:35,106 INFO com.eshya.test.utils.AuthenticationTokenFilter [http-nio-8081-exec-1] Username: eshya,Role: ROLE_USER
2023-12-07 23:16:35,107 INFO com.eshya.test.utils.AuthenticationTokenFilter [http-nio-8081-exec-1] Username: eshya,Role: [ROLE_USER]
2023-12-07 23:16:35,173 INFO com.eshya.test.utils.JwtUtils [http-nio-8081-exec-1] my token is eyJhbGciOiJIUzUxMiJ9.eyJzdWIiOiJ1c2VyX3BvcnRhbF90b2tlbiIsImlhdCI6MTcwMTk2MzQ1MSwiZXhwIjoxNzAyMDQ5ODUxLCJ1c2VybmFtZSI6ImVzaHlhIn0.uPmUuDG1Qv1iEhtUVBJ7L_k1LIUx9ikyVFPL_ICKGy0qg4fqOxr7BPbpr8PyLH3fH80h_8gLj2rwTasoLdzMug
2023-12-07 23:16:35,174 INFO com.eshya.test.controller.TaskController [http-nio-8081-exec-1] update task for user : eshya
2023-12-07 23:16:35,238 INFO com.eshya.test.controller.TaskController [http-nio-8081-exec-1] task name: task - 1 , description: description aja , completed: true
2023-12-07 23:16:35,276 INFO com.eshya.test.utils.RequestResponseTimeTracker [http-nio-8081-exec-1] Request URI: /test_be/task/84f0e577-b676-4feb-9cb2-c8432fa74e48, Execution Time taken by : updateTaskById() method is - 103 ms
2023-12-07 23:16:45,692 INFO com.eshya.test.utils.JwtUtils [http-nio-8081-exec-3] my token is eyJhbGciOiJIUzUxMiJ9.eyJzdWIiOiJ1c2VyX3BvcnRhbF90b2tlbiIsImlhdCI6MTcwMTk2MzQ1MSwiZXhwIjoxNzAyMDQ5ODUxLCJ1c2VybmFtZSI6ImVzaHlhIn0.uPmUuDG1Qv1iEhtUVBJ7L_k1LIUx9ikyVFPL_ICKGy0qg4fqOxr7BPbpr8PyLH3fH80h_8gLj2rwTasoLdzMug
2023-12-07 23:16:45,697 INFO com.eshya.test.utils.AuthenticationTokenFilter [http-nio-8081-exec-3] Username: eshya,Role: ROLE_USER
2023-12-07 23:16:45,698 INFO com.eshya.test.utils.AuthenticationTokenFilter [http-nio-8081-exec-3] Username: eshya,Role: [ROLE_USER]
2023-12-07 23:16:45,700 INFO com.eshya.test.utils.JwtUtils [http-nio-8081-exec-3] my token is eyJhbGciOiJIUzUxMiJ9.eyJzdWIiOiJ1c2VyX3BvcnRhbF90b2tlbiIsImlhdCI6MTcwMTk2MzQ1MSwiZXhwIjoxNzAyMDQ5ODUxLCJ1c2VybmFtZSI6ImVzaHlhIn0.uPmUuDG1Qv1iEhtUVBJ7L_k1LIUx9ikyVFPL_ICKGy0qg4fqOxr7BPbpr8PyLH3fH80h_8gLj2rwTasoLdzMug
2023-12-07 23:16:45,701 INFO com.eshya.test.controller.TaskController [http-nio-8081-exec-3] creating task for user : eshya
2023-12-07 23:16:45,714 INFO com.eshya.test.utils.RequestResponseTimeTracker [http-nio-8081-exec-3] Request URI: /test_be/task, Execution Time taken by : getTask() method is - 13 ms
2023-12-07 23:17:13,685 INFO com.eshya.test.TestApplication [main] Starting TestApplication using Java 20.0.1 on JKERALPT050 with PID 18808 (D:\playground\spring\test\target\classes started by achmad.mutawaqqil in D:\playground\spring\test)
2023-12-07 23:17:13,687 DEBUG com.eshya.test.TestApplication [main] Running with Spring Boot v2.7.15, Spring v5.3.29
2023-12-07 23:17:13,687 INFO com.eshya.test.TestApplication [main] The following 1 profile is active: "dev"
2023-12-07 23:17:17,093 DEBUG com.eshya.test.utils.AuthenticationTokenFilter [main] Filter 'authenticationJwtTokenFilter' configured for use
2023-12-07 23:17:17,843 INFO com.eshya.test.TestApplication [main] Started TestApplication in 4.465 seconds (JVM running for 5.005)
2023-12-07 23:17:20,872 INFO com.eshya.test.utils.JwtUtils [http-nio-8081-exec-1] my token is eyJhbGciOiJIUzUxMiJ9.eyJzdWIiOiJ1c2VyX3BvcnRhbF90b2tlbiIsImlhdCI6MTcwMTk2MzQ1MSwiZXhwIjoxNzAyMDQ5ODUxLCJ1c2VybmFtZSI6ImVzaHlhIn0.uPmUuDG1Qv1iEhtUVBJ7L_k1LIUx9ikyVFPL_ICKGy0qg4fqOxr7BPbpr8PyLH3fH80h_8gLj2rwTasoLdzMug
2023-12-07 23:17:20,924 INFO com.eshya.test.utils.AuthenticationTokenFilter [http-nio-8081-exec-1] Username: eshya,Role: ROLE_USER
2023-12-07 23:17:20,925 INFO com.eshya.test.utils.AuthenticationTokenFilter [http-nio-8081-exec-1] Username: eshya,Role: [ROLE_USER]
2023-12-07 23:17:20,994 INFO com.eshya.test.utils.JwtUtils [http-nio-8081-exec-1] my token is eyJhbGciOiJIUzUxMiJ9.eyJzdWIiOiJ1c2VyX3BvcnRhbF90b2tlbiIsImlhdCI6MTcwMTk2MzQ1MSwiZXhwIjoxNzAyMDQ5ODUxLCJ1c2VybmFtZSI6ImVzaHlhIn0.uPmUuDG1Qv1iEhtUVBJ7L_k1LIUx9ikyVFPL_ICKGy0qg4fqOxr7BPbpr8PyLH3fH80h_8gLj2rwTasoLdzMug
2023-12-07 23:17:20,995 INFO com.eshya.test.controller.TaskController [http-nio-8081-exec-1] update task for user : eshya
2023-12-07 23:17:21,023 INFO com.eshya.test.controller.TaskController [http-nio-8081-exec-1] task name: task - 1 , description: description aja , completed: false
2023-12-07 23:17:21,057 INFO com.eshya.test.utils.RequestResponseTimeTracker [http-nio-8081-exec-1] Request URI: /test_be/task/84f0e577-b676-4feb-9cb2-c8432fa74e48, Execution Time taken by : updateTaskById() method is - 63 ms
2023-12-07 23:18:39,980 INFO com.eshya.test.TestApplication [main] Starting TestApplication using Java 20.0.1 on JKERALPT050 with PID 40068 (D:\playground\spring\test\target\classes started by achmad.mutawaqqil in D:\playground\spring\test)
2023-12-07 23:18:39,982 DEBUG com.eshya.test.TestApplication [main] Running with Spring Boot v2.7.15, Spring v5.3.29
2023-12-07 23:18:39,983 INFO com.eshya.test.TestApplication [main] The following 1 profile is active: "dev"
2023-12-07 23:18:43,178 DEBUG com.eshya.test.utils.AuthenticationTokenFilter [main] Filter 'authenticationJwtTokenFilter' configured for use
2023-12-07 23:18:43,846 INFO com.eshya.test.TestApplication [main] Started TestApplication in 4.207 seconds (JVM running for 4.712)
2023-12-07 23:19:14,913 INFO com.eshya.test.utils.JwtUtils [http-nio-8081-exec-2] my token is eyJhbGciOiJIUzUxMiJ9.eyJzdWIiOiJ1c2VyX3BvcnRhbF90b2tlbiIsImlhdCI6MTcwMTk2MzQ1MSwiZXhwIjoxNzAyMDQ5ODUxLCJ1c2VybmFtZSI6ImVzaHlhIn0.uPmUuDG1Qv1iEhtUVBJ7L_k1LIUx9ikyVFPL_ICKGy0qg4fqOxr7BPbpr8PyLH3fH80h_8gLj2rwTasoLdzMug
2023-12-07 23:19:14,967 INFO com.eshya.test.utils.AuthenticationTokenFilter [http-nio-8081-exec-2] Username: eshya,Role: ROLE_USER
2023-12-07 23:19:14,967 INFO com.eshya.test.utils.AuthenticationTokenFilter [http-nio-8081-exec-2] Username: eshya,Role: [ROLE_USER]
2023-12-07 23:19:15,008 INFO com.eshya.test.utils.JwtUtils [http-nio-8081-exec-2] my token is eyJhbGciOiJIUzUxMiJ9.eyJzdWIiOiJ1c2VyX3BvcnRhbF90b2tlbiIsImlhdCI6MTcwMTk2MzQ1MSwiZXhwIjoxNzAyMDQ5ODUxLCJ1c2VybmFtZSI6ImVzaHlhIn0.uPmUuDG1Qv1iEhtUVBJ7L_k1LIUx9ikyVFPL_ICKGy0qg4fqOxr7BPbpr8PyLH3fH80h_8gLj2rwTasoLdzMug
2023-12-07 23:19:15,010 INFO com.eshya.test.controller.TaskController [http-nio-8081-exec-2] creating task for user : eshya
2023-12-07 23:19:15,045 INFO com.eshya.test.utils.RequestResponseTimeTracker [http-nio-8081-exec-2] Request URI: /test_be/task/84f0e577-b676-4feb-9cb2-c8432fa74e48, Execution Time taken by : getTaskById() method is - 38 ms
2023-12-07 23:19:23,138 INFO com.eshya.test.utils.JwtUtils [http-nio-8081-exec-4] my token is eyJhbGciOiJIUzUxMiJ9.eyJzdWIiOiJ1c2VyX3BvcnRhbF90b2tlbiIsImlhdCI6MTcwMTk2MzQ1MSwiZXhwIjoxNzAyMDQ5ODUxLCJ1c2VybmFtZSI6ImVzaHlhIn0.uPmUuDG1Qv1iEhtUVBJ7L_k1LIUx9ikyVFPL_ICKGy0qg4fqOxr7BPbpr8PyLH3fH80h_8gLj2rwTasoLdzMug
2023-12-07 23:19:23,144 INFO com.eshya.test.utils.AuthenticationTokenFilter [http-nio-8081-exec-4] Username: eshya,Role: ROLE_USER
2023-12-07 23:19:23,144 INFO com.eshya.test.utils.AuthenticationTokenFilter [http-nio-8081-exec-4] Username: eshya,Role: [ROLE_USER]
2023-12-07 23:19:23,146 INFO com.eshya.test.utils.JwtUtils [http-nio-8081-exec-4] my token is eyJhbGciOiJIUzUxMiJ9.eyJzdWIiOiJ1c2VyX3BvcnRhbF90b2tlbiIsImlhdCI6MTcwMTk2MzQ1MSwiZXhwIjoxNzAyMDQ5ODUxLCJ1c2VybmFtZSI6ImVzaHlhIn0.uPmUuDG1Qv1iEhtUVBJ7L_k1LIUx9ikyVFPL_ICKGy0qg4fqOxr7BPbpr8PyLH3fH80h_8gLj2rwTasoLdzMug
2023-12-07 23:19:23,147 INFO com.eshya.test.controller.TaskController [http-nio-8081-exec-4] delete task for user : eshya
2023-12-07 23:19:27,635 INFO com.eshya.test.utils.JwtUtils [http-nio-8081-exec-3] my token is eyJhbGciOiJIUzUxMiJ9.eyJzdWIiOiJ1c2VyX3BvcnRhbF90b2tlbiIsImlhdCI6MTcwMTk2MzQ1MSwiZXhwIjoxNzAyMDQ5ODUxLCJ1c2VybmFtZSI6ImVzaHlhIn0.uPmUuDG1Qv1iEhtUVBJ7L_k1LIUx9ikyVFPL_ICKGy0qg4fqOxr7BPbpr8PyLH3fH80h_8gLj2rwTasoLdzMug
2023-12-07 23:19:27,641 INFO com.eshya.test.utils.AuthenticationTokenFilter [http-nio-8081-exec-3] Username: eshya,Role: ROLE_USER
2023-12-07 23:19:27,641 INFO com.eshya.test.utils.AuthenticationTokenFilter [http-nio-8081-exec-3] Username: eshya,Role: [ROLE_USER]
2023-12-07 23:19:27,643 INFO com.eshya.test.utils.JwtUtils [http-nio-8081-exec-3] my token is eyJhbGciOiJIUzUxMiJ9.eyJzdWIiOiJ1c2VyX3BvcnRhbF90b2tlbiIsImlhdCI6MTcwMTk2MzQ1MSwiZXhwIjoxNzAyMDQ5ODUxLCJ1c2VybmFtZSI6ImVzaHlhIn0.uPmUuDG1Qv1iEhtUVBJ7L_k1LIUx9ikyVFPL_ICKGy0qg4fqOxr7BPbpr8PyLH3fH80h_8gLj2rwTasoLdzMug
2023-12-07 23:19:27,645 INFO com.eshya.test.controller.TaskController [http-nio-8081-exec-3] creating task for user : eshya
2023-12-07 23:19:27,658 INFO com.eshya.test.utils.RequestResponseTimeTracker [http-nio-8081-exec-3] Request URI: /test_be/task, Execution Time taken by : getTask() method is - 15 ms
2023-12-07 23:23:39,421 INFO com.eshya.test.TestApplication [main] Starting TestApplication using Java 20.0.1 on JKERALPT050 with PID 24980 (D:\playground\spring\test\target\classes started by achmad.mutawaqqil in D:\playground\spring\test)
2023-12-07 23:23:39,423 DEBUG com.eshya.test.TestApplication [main] Running with Spring Boot v2.7.15, Spring v5.3.29
2023-12-07 23:23:39,423 INFO com.eshya.test.TestApplication [main] The following 1 profile is active: "dev"
2023-12-07 23:23:42,589 DEBUG com.eshya.test.utils.AuthenticationTokenFilter [main] Filter 'authenticationJwtTokenFilter' configured for use
2023-12-07 23:23:43,210 INFO com.eshya.test.TestApplication [main] Started TestApplication in 4.098 seconds (JVM running for 4.594)
2023-12-07 23:23:49,766 INFO com.eshya.test.utils.JwtUtils [http-nio-8081-exec-2] my token is eyJhbGciOiJIUzUxMiJ9.eyJzdWIiOiJ1c2VyX3BvcnRhbF90b2tlbiIsImlhdCI6MTcwMTk2MzQ1MSwiZXhwIjoxNzAyMDQ5ODUxLCJ1c2VybmFtZSI6ImVzaHlhIn0.uPmUuDG1Qv1iEhtUVBJ7L_k1LIUx9ikyVFPL_ICKGy0qg4fqOxr7BPbpr8PyLH3fH80h_8gLj2rwTasoLdzMug
2023-12-07 23:23:49,813 INFO com.eshya.test.utils.AuthenticationTokenFilter [http-nio-8081-exec-2] Username: eshya,Role: ROLE_USER
2023-12-07 23:23:49,813 INFO com.eshya.test.utils.AuthenticationTokenFilter [http-nio-8081-exec-2] Username: eshya,Role: [ROLE_USER]
2023-12-07 23:24:19,951 INFO com.eshya.test.TestApplication [main] Starting TestApplication using Java 20.0.1 on JKERALPT050 with PID 36452 (D:\playground\spring\test\target\classes started by achmad.mutawaqqil in D:\playground\spring\test)
2023-12-07 23:24:19,953 DEBUG com.eshya.test.TestApplication [main] Running with Spring Boot v2.7.15, Spring v5.3.29
2023-12-07 23:24:19,953 INFO com.eshya.test.TestApplication [main] The following 1 profile is active: "dev"
2023-12-07 23:24:23,120 DEBUG com.eshya.test.utils.AuthenticationTokenFilter [main] Filter 'authenticationJwtTokenFilter' configured for use
2023-12-07 23:24:23,749 INFO com.eshya.test.TestApplication [main] Started TestApplication in 4.152 seconds (JVM running for 4.688)
2023-12-07 23:24:31,141 INFO com.eshya.test.utils.JwtUtils [http-nio-8081-exec-2] my token is eyJhbGciOiJIUzUxMiJ9.eyJzdWIiOiJ1c2VyX3BvcnRhbF90b2tlbiIsImlhdCI6MTcwMTk2MzQ1MSwiZXhwIjoxNzAyMDQ5ODUxLCJ1c2VybmFtZSI6ImVzaHlhIn0.uPmUuDG1Qv1iEhtUVBJ7L_k1LIUx9ikyVFPL_ICKGy0qg4fqOxr7BPbpr8PyLH3fH80h_8gLj2rwTasoLdzMug
2023-12-07 23:24:31,195 INFO com.eshya.test.utils.AuthenticationTokenFilter [http-nio-8081-exec-2] Username: eshya,Role: ROLE_USER
2023-12-07 23:24:31,195 INFO com.eshya.test.utils.AuthenticationTokenFilter [http-nio-8081-exec-2] Username: eshya,Role: [ROLE_USER]
2023-12-07 23:24:31,238 INFO com.eshya.test.utils.JwtUtils [http-nio-8081-exec-2] my token is eyJhbGciOiJIUzUxMiJ9.eyJzdWIiOiJ1c2VyX3BvcnRhbF90b2tlbiIsImlhdCI6MTcwMTk2MzQ1MSwiZXhwIjoxNzAyMDQ5ODUxLCJ1c2VybmFtZSI6ImVzaHlhIn0.uPmUuDG1Qv1iEhtUVBJ7L_k1LIUx9ikyVFPL_ICKGy0qg4fqOxr7BPbpr8PyLH3fH80h_8gLj2rwTasoLdzMug
2023-12-07 23:24:31,239 INFO com.eshya.test.controller.TaskController [http-nio-8081-exec-2] creating task for user : eshya
2023-12-07 23:24:31,274 INFO com.eshya.test.utils.RequestResponseTimeTracker [http-nio-8081-exec-2] Request URI: /test_be/task, Execution Time taken by : getTask() method is - 36 ms
2023-12-07 23:24:36,779 INFO com.eshya.test.utils.JwtUtils [http-nio-8081-exec-3] my token is eyJhbGciOiJIUzUxMiJ9.eyJzdWIiOiJ1c2VyX3BvcnRhbF90b2tlbiIsImlhdCI6MTcwMTk2MzQ1MSwiZXhwIjoxNzAyMDQ5ODUxLCJ1c2VybmFtZSI6ImVzaHlhIn0.uPmUuDG1Qv1iEhtUVBJ7L_k1LIUx9ikyVFPL_ICKGy0qg4fqOxr7BPbpr8PyLH3fH80h_8gLj2rwTasoLdzMug
2023-12-07 23:24:36,784 INFO com.eshya.test.utils.AuthenticationTokenFilter [http-nio-8081-exec-3] Username: eshya,Role: ROLE_USER
2023-12-07 23:24:36,785 INFO com.eshya.test.utils.AuthenticationTokenFilter [http-nio-8081-exec-3] Username: eshya,Role: [ROLE_USER]
2023-12-07 23:24:36,787 INFO com.eshya.test.utils.JwtUtils [http-nio-8081-exec-3] my token is eyJhbGciOiJIUzUxMiJ9.eyJzdWIiOiJ1c2VyX3BvcnRhbF90b2tlbiIsImlhdCI6MTcwMTk2MzQ1MSwiZXhwIjoxNzAyMDQ5ODUxLCJ1c2VybmFtZSI6ImVzaHlhIn0.uPmUuDG1Qv1iEhtUVBJ7L_k1LIUx9ikyVFPL_ICKGy0qg4fqOxr7BPbpr8PyLH3fH80h_8gLj2rwTasoLdzMug
2023-12-07 23:24:36,788 INFO com.eshya.test.controller.TaskController [http-nio-8081-exec-3] creating task for user : eshya
2023-12-07 23:24:36,794 INFO com.eshya.test.utils.RequestResponseTimeTracker [http-nio-8081-exec-3] Request URI: /test_be/task, Execution Time taken by : getTask() method is - 8 ms
